[INFO] Scanning for projects...
[INFO] 
[INFO] ------------------< com.teaching:employment-platform >------------------
[INFO] Building Teaching Employment Platform 1.0.0
[INFO]   from pom.xml
[INFO] --------------------------------[ jar ]---------------------------------
[INFO] 
[INFO] >>> spring-boot:2.7.18:run (default-cli) > test-compile @ employment-platform >>>
[INFO] 
[INFO] --- resources:3.2.0:resources (default-resources) @ employment-platform ---
[INFO] Using 'UTF-8' encoding to copy filtered resources.
[INFO] Using 'UTF-8' encoding to copy filtered properties files.
[INFO] Copying 1 resource
[INFO] Copying 49 resources
[INFO] 
[INFO] --- compiler:3.10.1:compile (default-compile) @ employment-platform ---
[INFO] Nothing to compile - all classes are up to date
[INFO] 
[INFO] --- resources:3.2.0:testResources (default-testResources) @ employment-platform ---
[INFO] Using 'UTF-8' encoding to copy filtered resources.
[INFO] Using 'UTF-8' encoding to copy filtered properties files.
[INFO] skip non existing resourceDirectory C:\Users\LeiYu\Desktop\code\front end code\Teaching-Employment-platform\backend\src\test\resources
[INFO] 
[INFO] --- compiler:3.10.1:testCompile (default-testCompile) @ employment-platform ---
[INFO] Changes detected - recompiling the module!
[INFO] Compiling 1 source file to C:\Users\LeiYu\Desktop\code\front end code\Teaching-Employment-platform\backend\target\test-classes
[INFO] 
[INFO] <<< spring-boot:2.7.18:run (default-cli) < test-compile @ employment-platform <<<
[INFO] 
[INFO] 
[INFO] --- spring-boot:2.7.18:run (default-cli) @ employment-platform ---
[INFO] Attaching agents: []

  .   ____          _            __ _ _
 /\\ / ___'_ __ _ _(_)_ __  __ _ \ \ \ \
( ( )\___ | '_ | '_| | '_ \/ _` | \ \ \ \
 \\/  ___)| |_)| | | | | || (_| |  ) ) ) )
  '  |____| .__|_| |_|_| |_\__, | / / / /
 =========|_|==============|___/=/_/_/_/
 :: Spring Boot ::               (v2.7.18)

2026-01-19 18:34:59 [main] INFO  c.t.employment.EmploymentPlatformApplication - Starting EmploymentPlatformApplication using Java 23.0.2 on DESKTOP-7IOC9SG with PID 2656 (C:\Users\LeiYu\Desktop\code\front end code\Teaching-Employment-platform\backend\target\classes started by 浣纾 in C:\Users\LeiYu\Desktop\code\front end code\Teaching-Employment-platform\backend)
2026-01-19 18:34:59 [main] DEBUG c.t.employment.EmploymentPlatformApplication - Running with Spring Boot v2.7.18, Spring v5.3.31
2026-01-19 18:34:59 [main] INFO  c.t.employment.EmploymentPlatformApplication - No active profile set, falling back to 1 default profile: "default"
2026-01-19 18:35:00 [main] DEBUG c.b.m.autoconfigure.MybatisPlusAutoConfiguration - Searching for mappers annotated with @Mapper
2026-01-19 18:35:00 [main] DEBUG c.b.m.autoconfigure.MybatisPlusAutoConfiguration - Using auto-configuration base package 'com.teaching.employment'
2026-01-19 18:35:00 [main] INFO  o.s.boot.web.embedded.tomcat.TomcatWebServer - Tomcat initialized with port(s): 8080 (http)
2026-01-19 18:35:00 [main] INFO  org.apache.catalina.core.StandardService - Starting service [Tomcat]
2026-01-19 18:35:00 [main] INFO  org.apache.catalina.core.StandardEngine - Starting Servlet engine: [Apache Tomcat/9.0.83]
2026-01-19 18:35:00 [main] INFO  o.a.c.c.ContainerBase.[Tomcat].[localhost].[/api] - Initializing Spring embedded WebApplicationContext
2026-01-19 18:35:00 [main] INFO  o.s.b.w.s.c.ServletWebServerApplicationContext - Root WebApplicationContext: initialization completed in 1550 ms
2026-01-19 18:35:00 [main] INFO  c.a.d.s.b.a.DruidDataSourceAutoConfigure - Init DruidDataSource
2026-01-19 18:35:01 [main] INFO  com.alibaba.druid.pool.DruidDataSource - {dataSource-1} inited
Logging initialized using 'class org.apache.ibatis.logging.stdout.StdOutImpl' adapter.
2026-01-19 18:35:01 [main] DEBUG c.b.m.e.spring.MybatisSqlSessionFactoryBean - Registered plugin: 'com.baomidou.mybatisplus.extension.plugins.MybatisPlusInterceptor@698f4aa'
2026-01-19 18:35:01 [main] DEBUG c.b.m.e.spring.MybatisSqlSessionFactoryBean - Parsed mapper file: 'file [C:\Users\LeiYu\Desktop\code\front end code\Teaching-Employment-platform\backend\target\classes\mapper\NotificationMapper.xml]'
2026-01-19 18:35:01 [main] DEBUG c.b.m.e.spring.MybatisSqlSessionFactoryBean - Parsed mapper file: 'file [C:\Users\LeiYu\Desktop\code\front end code\Teaching-Employment-platform\backend\target\classes\mapper\TalentPoolMapper.xml]'
Initialization Sequence datacenterId:1 workerId:22
 _ _   |_  _ _|_. ___ _ |    _ 
| | |\/|_)(_| | |_\  |_)||_|_\ 
     /               |         
                        3.5.5 
2026-01-19 18:35:03 [main] DEBUG c.b.m.autoconfigure.MybatisPlusAutoConfiguration - Not found configuration for registering mapper bean using @MapperScan, MapperFactoryBean and MapperScannerConfigurer.
2026-01-19 18:35:03 [main] INFO  o.s.boot.web.embedded.tomcat.TomcatWebServer - Tomcat started on port(s): 8080 (http) with context path '/api'
2026-01-19 18:35:04 [main] INFO  c.t.employment.EmploymentPlatformApplication - Started EmploymentPlatformApplication in 5.897 seconds (JVM running for 6.296)
2026-01-19 18:35:04 [main] DEBUG c.b.mybatisplus.autoconfigure.DdlApplicationRunner -   ...  DDL start create  ...  
2026-01-19 18:35:04 [main] DEBUG c.b.mybatisplus.autoconfigure.DdlApplicationRunner -   ...  DDL end create  ...  

========================================
就业服务平台启动成功!
Knife4j文档地址: http://localhost:8080/doc.html
========================================

[INFO] ------------------------------------------------------------------------
[INFO] BUILD FAILURE
[INFO] ------------------------------------------------------------------------
[INFO] Total time:  02:10 min
[INFO] Finished at: 2026-01-19T18:37:03+08:00
[INFO] ------------------------------------------------------------------------
[ERROR] Failed to execute goal org.springframework.boot:spring-boot-maven-plugin:2.7.18:run (default-cli) on project employment-platform: Application finished with exit code: 1 -> [Help 1]
[ERROR] 
[ERROR] To see the full stack trace of the errors, re-run Maven with the -e switch.
[ERROR] Re-run Maven using the -X switch to enable full debug logging.
[ERROR] 
[ERROR] For more information about the errors and possible solutions, please read the following articles:
[ERROR] [Help 1] http://cwiki.apache.org/confluence/display/MAVEN/MojoExecutionException
